Arguments: 
  /usr/local/bin/node /usr/local/bin/yarn add --dev --exact prettier

PATH: 
  /usr/local/bin:/usr/bin:/bin:/usr/sbin:/sbin:/Library/Apple/usr/bin

Yarn version: 
  1.22.10

Node version: 
  16.16.0

Platform: 
  darwin x64

Trace: 
  Error: EACCES: permission denied, mkdir '/Users/simonhowlader/Desktop/u03.is/node_modules/tailwindcss/node_modules/glob-parent'

npm manifest: 
  {
    "name": "nextra-docs-template",
    "version": "0.0.1",
    "description": "Nextra docs template",
    "scripts": {
      "dev": "next dev",
      "build": "next build",
      "start": "next start"
    },
    "repository": {
      "type": "git",
      "url": "git+https://github.com/shuding/nextra-docs-template.git"
    },
    "author": "Shu Ding <g@shud.in>",
    "license": "MIT",
    "bugs": {
      "url": "https://github.com/shuding/nextra-docs-template/issues"
    },
    "homepage": "https://github.com/shuding/nextra-docs-template#readme",
    "dependencies": {
      "next": "^13.0.6",
      "nextra": "latest",
      "nextra-theme-docs": "latest",
      "react": "^18.2.0",
      "react-dom": "^18.2.0"
    },
    "devDependencies": {
      "@types/node": "18.11.10",
      "autoprefixer": "^10.4.13",
      "postcss": "^8.4.21",
      "tailwindcss": "^3.2.7",
      "typescript": "^4.9.3"
    }
  }

yarn manifest: 
  No manifest

Lockfile: 
  No lockfile
